2022-01-04 16:36:01,867 [Worker-2: Loading available Gradle versions] INFO  o.e.b.c.i.u.g.PublishedGradleVersions - Gradle version information cache is up-to-date. Trying to read.
2022-01-04 16:36:53,148 [Worker-5: Updating Maven Dependencies] INFO  o.e.m.c.i.l.LifecycleMappingFactory - Using org.eclipse.m2e.jdt.JarLifecycleMapping lifecycle mapping for MavenProject: com.example.maven-project:server:1.0-SNAPSHOT @ C:\Users\tiwar\Downloads\DevopsBasics-master\DevopsBasics-master\server\pom.xml.
2022-01-04 16:36:53,148 [Worker-13: Building] INFO  o.e.m.c.i.l.LifecycleMappingFactory - Using org.eclipse.m2e.jdt.JarLifecycleMapping lifecycle mapping for MavenProject: com.example.maven-project:server:1.0-SNAPSHOT @ C:\Users\tiwar\Downloads\DevopsBasics-master\DevopsBasics-master\server\pom.xml.
2022-01-04 16:36:53,806 [Worker-13: Building] INFO  o.e.m.c.i.embedder.EclipseLogger - Using 'utf-8' encoding to copy filtered resources.
2022-01-04 16:36:53,806 [Worker-13: Building] INFO  o.e.m.c.i.embedder.EclipseLogger - skip non existing resourceDirectory C:\Users\tiwar\Downloads\DevopsBasics-master\DevopsBasics-master\server\src\main\resources
2022-01-04 16:36:53,808 [Worker-13: Building] INFO  o.e.m.c.i.embedder.EclipseLogger - Using 'utf-8' encoding to copy filtered resources.
2022-01-04 16:36:53,809 [Worker-13: Building] INFO  o.e.m.c.i.embedder.EclipseLogger - skip non existing resourceDirectory C:\Users\tiwar\Downloads\DevopsBasics-master\DevopsBasics-master\server\src\test\resources
2022-01-04 16:36:54,137 [Worker-13: Building] INFO  o.e.m.c.i.embedder.EclipseLogger - Using 'utf-8' encoding to copy filtered resources.
2022-01-04 16:36:54,137 [Worker-13: Building] INFO  o.e.m.c.i.embedder.EclipseLogger - skip non existing resourceDirectory C:\Users\tiwar\Downloads\DevopsBasics-master\DevopsBasics-master\server\src\main\resources
2022-01-04 16:36:54,138 [Worker-13: Building] INFO  o.e.m.c.i.embedder.EclipseLogger - Using 'utf-8' encoding to copy filtered resources.
2022-01-04 16:36:54,139 [Worker-13: Building] INFO  o.e.m.c.i.embedder.EclipseLogger - skip non existing resourceDirectory C:\Users\tiwar\Downloads\DevopsBasics-master\DevopsBasics-master\server\src\test\resources
2022-01-04 16:36:54,258 [Worker-13: Building] INFO  o.e.m.c.i.l.LifecycleMappingFactory - Using org.maven.ide.eclipse.wtp.WarLifecycleMapping lifecycle mapping for MavenProject: com.example.maven-project:webapp:1.0-SNAPSHOT @ C:\Users\tiwar\Downloads\DevopsBasics-master\DevopsBasics-master\webapp\pom.xml.
2022-01-04 16:36:54,668 [Worker-13: Building] INFO  o.e.m.c.i.embedder.EclipseLogger - Using 'utf-8' encoding to copy filtered resources.
2022-01-04 16:36:54,668 [Worker-13: Building] INFO  o.e.m.c.i.embedder.EclipseLogger - skip non existing resourceDirectory C:\Users\tiwar\Downloads\DevopsBasics-master\DevopsBasics-master\webapp\src\main\resources
2022-01-04 16:36:54,669 [Worker-13: Building] INFO  o.e.m.c.i.embedder.EclipseLogger - Using 'utf-8' encoding to copy filtered resources.
2022-01-04 16:36:54,669 [Worker-13: Building] INFO  o.e.m.c.i.embedder.EclipseLogger - skip non existing resourceDirectory C:\Users\tiwar\Downloads\DevopsBasics-master\DevopsBasics-master\webapp\src\test\resources
2022-01-04 16:36:54,972 [Worker-20: Updating Maven Dependencies] INFO  o.e.m.c.i.l.LifecycleMappingFactory - Using org.eclipse.m2e.jdt.JarLifecycleMapping lifecycle mapping for MavenProject: com.example.maven-project:server:1.0-SNAPSHOT @ C:\Users\tiwar\Downloads\DevopsBasics-master\DevopsBasics-master\server\pom.xml.
2022-01-04 16:36:55,797 [Worker-0: Building] INFO  o.e.m.c.i.embedder.EclipseLogger - Using 'utf-8' encoding to copy filtered resources.
2022-01-04 16:36:55,797 [Worker-0: Building] INFO  o.e.m.c.i.embedder.EclipseLogger - skip non existing resourceDirectory C:\Users\tiwar\Downloads\DevopsBasics-master\DevopsBasics-master\server\src\main\resources
2022-01-04 16:36:55,798 [Worker-0: Building] INFO  o.e.m.c.i.embedder.EclipseLogger - Using 'utf-8' encoding to copy filtered resources.
2022-01-04 16:36:55,798 [Worker-0: Building] INFO  o.e.m.c.i.embedder.EclipseLogger - skip non existing resourceDirectory C:\Users\tiwar\Downloads\DevopsBasics-master\DevopsBasics-master\server\src\test\resources
2022-01-04 16:47:36,151 [Worker-24: Building] INFO  o.e.m.c.i.embedder.EclipseLogger - Using 'utf-8' encoding to copy filtered resources.
2022-01-04 16:47:36,151 [Worker-24: Building] INFO  o.e.m.c.i.embedder.EclipseLogger - skip non existing resourceDirectory C:\Users\tiwar\Downloads\DevopsBasics-master\DevopsBasics-master\webapp\src\main\resources
2022-01-04 16:47:36,152 [Worker-24: Building] INFO  o.e.m.c.i.embedder.EclipseLogger - Using 'utf-8' encoding to copy filtered resources.
2022-01-04 16:47:36,152 [Worker-24: Building] INFO  o.e.m.c.i.embedder.EclipseLogger - skip non existing resourceDirectory C:\Users\tiwar\Downloads\DevopsBasics-master\DevopsBasics-master\webapp\src\test\resources
2022-01-04 16:47:36,154 [Worker-24: Building] INFO  o.e.m.w.i.f.ResourceFilteringBuildParticipant - Changed resources require a complete clean of filtered resources of webapp
2022-01-04 16:47:36,154 [Worker-24: Building] INFO  o.e.m.w.i.f.ResourceFilteringBuildParticipant - Executing resource filtering for webapp
2022-01-04 16:47:36,170 [Worker-24: Building] WARN  o.e.m.c.i.embedder.EclipseLogger - Failed to retrieve plugin descriptor for org.apache.maven.plugins:maven-release-plugin:2.5.3: Plugin org.apache.maven.plugins:maven-release-plugin:2.5.3 or one of its dependencies could not be resolved: Cannot access central (https://repo.maven.apache.org/maven2) in offline mode and the artifact org.apache.maven.plugins:maven-release-plugin:jar:2.5.3 has not been downloaded from it before.
2022-01-04 16:47:36,172 [Worker-24: Building] WARN  o.e.m.c.i.embedder.EclipseLogger - The POM for org.mortbay.jetty:jetty-maven-plugin:jar:8.0.0.M1 is missing, no dependency information available
2022-01-04 16:47:36,173 [Worker-24: Building] WARN  o.e.m.c.i.embedder.EclipseLogger - Failed to retrieve plugin descriptor for org.mortbay.jetty:jetty-maven-plugin:8.0.0.M1: Plugin org.mortbay.jetty:jetty-maven-plugin:8.0.0.M1 or one of its dependencies could not be resolved: Cannot access central (https://repo.maven.apache.org/maven2) in offline mode and the artifact org.mortbay.jetty:jetty-maven-plugin:jar:8.0.0.M1 has not been downloaded from it before.
2022-01-04 16:47:36,185 [Worker-24: Building] WARN  o.e.m.c.i.embedder.EclipseLogger - Failed to retrieve plugin descriptor for org.apache.maven.plugins:maven-release-plugin:2.5.3: Plugin org.apache.maven.plugins:maven-release-plugin:2.5.3 or one of its dependencies could not be resolved: Cannot access central (https://repo.maven.apache.org/maven2) in offline mode and the artifact org.apache.maven.plugins:maven-release-plugin:jar:2.5.3 has not been downloaded from it before.
2022-01-04 16:47:36,186 [Worker-24: Building] WARN  o.e.m.c.i.embedder.EclipseLogger - The POM for org.mortbay.jetty:jetty-maven-plugin:jar:8.0.0.M1 is missing, no dependency information available
2022-01-04 16:47:36,187 [Worker-24: Building] WARN  o.e.m.c.i.embedder.EclipseLogger - Failed to retrieve plugin descriptor for org.mortbay.jetty:jetty-maven-plugin:8.0.0.M1: Plugin org.mortbay.jetty:jetty-maven-plugin:8.0.0.M1 or one of its dependencies could not be resolved: Cannot access central (https://repo.maven.apache.org/maven2) in offline mode and the artifact org.mortbay.jetty:jetty-maven-plugin:jar:8.0.0.M1 has not been downloaded from it before.
2022-01-04 16:47:36,193 [Worker-24: Building] INFO  o.e.m.c.i.embedder.EclipseLogger - Using 'utf-8' encoding to copy filtered resources.
2022-01-04 23:31:28,151 [Worker-3: Loading available Gradle versions] INFO  o.e.b.c.i.u.g.PublishedGradleVersions - Gradle version information cache is up-to-date. Trying to read.
2022-01-04 23:36:44,110 [Worker-4: Loading available Gradle versions] INFO  o.e.b.c.i.u.g.PublishedGradleVersions - Gradle version information cache is up-to-date. Trying to read.
2022-01-04 23:36:47,673 [Worker-8: Building] INFO  o.e.m.c.i.embedder.EclipseLogger - Using 'utf-8' encoding to copy filtered resources.
2022-01-04 23:36:47,674 [Worker-8: Building] INFO  o.e.m.c.i.embedder.EclipseLogger - skip non existing resourceDirectory C:\Users\tiwar\Downloads\DevopsBasics-master\DevopsBasics-master\server\src\main\resources
2022-01-04 23:36:47,676 [Worker-8: Building] INFO  o.e.m.c.i.embedder.EclipseLogger - Using 'utf-8' encoding to copy filtered resources.
2022-01-04 23:36:47,676 [Worker-8: Building] INFO  o.e.m.c.i.embedder.EclipseLogger - skip non existing resourceDirectory C:\Users\tiwar\Downloads\DevopsBasics-master\DevopsBasics-master\server\src\test\resources
2022-01-04 23:36:48,067 [Worker-8: Building] INFO  o.e.m.c.i.embedder.EclipseLogger - Using 'utf-8' encoding to copy filtered resources.
2022-01-04 23:36:48,067 [Worker-8: Building] INFO  o.e.m.c.i.embedder.EclipseLogger - skip non existing resourceDirectory C:\Users\tiwar\Downloads\DevopsBasics-master\DevopsBasics-master\webapp\src\main\resources
